
  .   ____          _            __ _ _
 /\\ / ___'_ __ _ _(_)_ __  __ _ \ \ \ \
( ( )\___ | '_ | '_| | '_ \/ _` | \ \ \ \
 \\/  ___)| |_)| | | | | || (_| |  ) ) ) )
  '  |____| .__|_| |_|_| |_\__, | / / / /
 =========|_|==============|___/=/_/_/_/
 :: Spring Boot ::                (v3.1.3)

2023-12-03T22:56:43.077Z  INFO 23265 --- [           main] c.a.jwt.backend.BackendApplication       : Starting BackendApplication v0.0.1-SNAPSHOT using Java 17.0.9 with PID 23265 (/home/ubuntu/DStudy_backend/target/backend-0.0.1-SNAPSHOT.jar started by ubuntu in /home/ubuntu/DStudy_backend)
2023-12-03T22:56:43.087Z  INFO 23265 --- [           main] c.a.jwt.backend.BackendApplication       : No active profile set, falling back to 1 default profile: "default"
2023-12-03T22:56:44.949Z  INFO 23265 --- [           main] .s.d.r.c.RepositoryConfigurationDelegate : Bootstrapping Spring Data JPA repositories in DEFAULT mode.
2023-12-03T22:56:45.119Z  INFO 23265 --- [           main] .s.d.r.c.RepositoryConfigurationDelegate : Finished Spring Data repository scanning in 152 ms. Found 1 JPA repository interfaces.
2023-12-03T22:56:46.690Z  INFO 23265 --- [           main] o.s.b.w.embedded.tomcat.TomcatWebServer  : Tomcat initialized with port(s): 8080 (http)
2023-12-03T22:56:46.711Z  INFO 23265 --- [           main] o.apache.catalina.core.StandardService   : Starting service [Tomcat]
2023-12-03T22:56:46.711Z  INFO 23265 --- [           main] o.apache.catalina.core.StandardEngine    : Starting Servlet engine: [Apache Tomcat/10.1.12]
2023-12-03T22:56:47.005Z  INFO 23265 --- [           main] o.a.c.c.C.[Tomcat].[localhost].[/]       : Initializing Spring embedded WebApplicationContext
2023-12-03T22:56:47.009Z  INFO 23265 --- [           main] w.s.c.ServletWebServerApplicationContext : Root WebApplicationContext: initialization completed in 3775 ms
2023-12-03T22:56:47.437Z  INFO 23265 --- [           main] com.zaxxer.hikari.HikariDataSource       : HikariPool-1 - Starting...
2023-12-03T22:56:47.852Z  INFO 23265 --- [           main] com.zaxxer.hikari.pool.HikariPool        : HikariPool-1 - Added connection conn0: url=jdbc:h2:mem:2d9f5a23-391d-4c7f-a934-c71733a907f5 user=SA
2023-12-03T22:56:47.854Z  INFO 23265 --- [           main] com.zaxxer.hikari.HikariDataSource       : HikariPool-1 - Start completed.
2023-12-03T22:56:47.966Z  INFO 23265 --- [           main] o.hibernate.jpa.internal.util.LogHelper  : HHH000204: Processing PersistenceUnitInfo [name: default]
2023-12-03T22:56:48.086Z  INFO 23265 --- [           main] org.hibernate.Version                    : HHH000412: Hibernate ORM core version 6.2.7.Final
2023-12-03T22:56:48.093Z  INFO 23265 --- [           main] org.hibernate.cfg.Environment            : HHH000406: Using bytecode reflection optimizer
2023-12-03T22:56:48.370Z  INFO 23265 --- [           main] o.h.b.i.BytecodeProviderInitiator        : HHH000021: Bytecode provider name : bytebuddy
2023-12-03T22:56:48.627Z  INFO 23265 --- [           main] o.s.o.j.p.SpringPersistenceUnitInfo      : No LoadTimeWeaver setup: ignoring JPA class transformer
2023-12-03T22:56:49.394Z  INFO 23265 --- [           main] o.h.b.i.BytecodeProviderInitiator        : HHH000021: Bytecode provider name : bytebuddy
2023-12-03T22:56:50.483Z  INFO 23265 --- [           main] o.h.e.t.j.p.i.JtaPlatformInitiator       : HHH000490: Using JtaPlatform implementation: [org.hibernate.engine.transaction.jta.platform.internal.NoJtaPlatform]
2023-12-03T22:56:50.575Z  INFO 23265 --- [           main] j.LocalContainerEntityManagerFactoryBean : Initialized JPA EntityManagerFactory for persistence unit 'default'
2023-12-03T22:56:51.505Z  WARN 23265 --- [           main] JpaBaseConfiguration$JpaWebConfiguration : spring.jpa.open-in-view is enabled by default. Therefore, database queries may be performed during view rendering. Explicitly configure spring.jpa.open-in-view to disable this warning
2023-12-03T22:56:51.561Z  WARN 23265 --- [           main] .s.s.UserDetailsServiceAutoConfiguration : 

Using generated security password: addfa989-a45a-4589-bb8b-9a7d8484b28e

This generated password is for development use only. Your security configuration must be updated before running your application in production.

2023-12-03T22:56:52.177Z  INFO 23265 --- [           main] o.s.s.web.DefaultSecurityFilterChain     : Will secure any request with [org.springframework.security.web.session.DisableEncodeUrlFilter@5a8ab2, org.springframework.security.web.context.request.async.WebAsyncManagerIntegrationFilter@3f50b680, org.springframework.security.web.context.SecurityContextHolderFilter@a96d56c, org.springframework.security.web.header.HeaderWriterFilter@9b9a327, org.springframework.security.web.authentication.logout.LogoutFilter@5875de6a, com.aniketh.jwt.backend.config.JwtAuthFilter@54db056b, org.springframework.security.web.savedrequest.RequestCacheAwareFilter@2abe9173, org.springframework.security.web.servletapi.SecurityContextHolderAwareRequestFilter@1fdca564, org.springframework.security.web.authentication.AnonymousAuthenticationFilter@d5af0a5, org.springframework.security.web.session.SessionManagementFilter@574b7f4a, org.springframework.security.web.access.ExceptionTranslationFilter@3bbf6abe, org.springframework.security.web.access.intercept.AuthorizationFilter@5b7c8930]
2023-12-03T22:56:52.804Z  WARN 23265 --- [           main] ConfigServletWebServerApplicationContext : Exception encountered during context initialization - cancelling refresh attempt: org.springframework.context.ApplicationContextException: Failed to start bean 'webServerStartStop'
2023-12-03T22:56:52.808Z  INFO 23265 --- [           main] j.LocalContainerEntityManagerFactoryBean : Closing JPA EntityManagerFactory for persistence unit 'default'
2023-12-03T22:56:52.817Z  INFO 23265 --- [           main] com.zaxxer.hikari.HikariDataSource       : HikariPool-1 - Shutdown initiated...
2023-12-03T22:56:52.826Z  INFO 23265 --- [           main] com.zaxxer.hikari.HikariDataSource       : HikariPool-1 - Shutdown completed.
2023-12-03T22:56:52.828Z  INFO 23265 --- [           main] o.apache.catalina.core.StandardService   : Stopping service [Tomcat]
2023-12-03T22:56:52.864Z  INFO 23265 --- [           main] .s.b.a.l.ConditionEvaluationReportLogger : 

Error starting ApplicationContext. To display the condition evaluation report re-run your application with 'debug' enabled.
2023-12-03T22:56:52.912Z ERROR 23265 --- [           main] o.s.b.d.LoggingFailureAnalysisReporter   : 

***************************
APPLICATION FAILED TO START
***************************

Description:

Web server failed to start. Port 8080 was already in use.

Action:

Identify and stop the process that's listening on port 8080 or configure this application to listen on another port.

