
  .   ____          _            __ _ _
 /\\ / ___'_ __ _ _(_)_ __  __ _ \ \ \ \
( ( )\___ | '_ | '_| | '_ \/ _` | \ \ \ \
 \\/  ___)| |_)| | | | | || (_| |  ) ) ) )
  '  |____| .__|_| |_|_| |_\__, | / / / /
 =========|_|==============|___/=/_/_/_/
 :: Spring Boot ::                (v3.1.3)

2023-12-03T22:54:54.852Z  INFO 23199 --- [           main] c.a.jwt.backend.BackendApplication       : Starting BackendApplication v0.0.1-SNAPSHOT using Java 17.0.9 with PID 23199 (/home/ubuntu/DStudy_backend/target/backend-0.0.1-SNAPSHOT.jar started by ubuntu in /home/ubuntu/DStudy_backend)
2023-12-03T22:54:54.863Z  INFO 23199 --- [           main] c.a.jwt.backend.BackendApplication       : No active profile set, falling back to 1 default profile: "default"
2023-12-03T22:54:56.757Z  INFO 23199 --- [           main] .s.d.r.c.RepositoryConfigurationDelegate : Bootstrapping Spring Data JPA repositories in DEFAULT mode.
2023-12-03T22:54:56.918Z  INFO 23199 --- [           main] .s.d.r.c.RepositoryConfigurationDelegate : Finished Spring Data repository scanning in 144 ms. Found 1 JPA repository interfaces.
2023-12-03T22:54:58.537Z  INFO 23199 --- [           main] o.s.b.w.embedded.tomcat.TomcatWebServer  : Tomcat initialized with port(s): 8080 (http)
2023-12-03T22:54:58.563Z  INFO 23199 --- [           main] o.apache.catalina.core.StandardService   : Starting service [Tomcat]
2023-12-03T22:54:58.564Z  INFO 23199 --- [           main] o.apache.catalina.core.StandardEngine    : Starting Servlet engine: [Apache Tomcat/10.1.12]
2023-12-03T22:54:58.848Z  INFO 23199 --- [           main] o.a.c.c.C.[Tomcat].[localhost].[/]       : Initializing Spring embedded WebApplicationContext
2023-12-03T22:54:58.850Z  INFO 23199 --- [           main] w.s.c.ServletWebServerApplicationContext : Root WebApplicationContext: initialization completed in 3837 ms
2023-12-03T22:54:59.241Z  INFO 23199 --- [           main] com.zaxxer.hikari.HikariDataSource       : HikariPool-1 - Starting...
2023-12-03T22:54:59.695Z  INFO 23199 --- [           main] com.zaxxer.hikari.pool.HikariPool        : HikariPool-1 - Added connection conn0: url=jdbc:h2:mem:1ccdc8b5-b7cc-4bb3-a3bf-b51a14880fb7 user=SA
2023-12-03T22:54:59.698Z  INFO 23199 --- [           main] com.zaxxer.hikari.HikariDataSource       : HikariPool-1 - Start completed.
2023-12-03T22:54:59.807Z  INFO 23199 --- [           main] o.hibernate.jpa.internal.util.LogHelper  : HHH000204: Processing PersistenceUnitInfo [name: default]
2023-12-03T22:54:59.927Z  INFO 23199 --- [           main] org.hibernate.Version                    : HHH000412: Hibernate ORM core version 6.2.7.Final
2023-12-03T22:54:59.935Z  INFO 23199 --- [           main] org.hibernate.cfg.Environment            : HHH000406: Using bytecode reflection optimizer
2023-12-03T22:55:00.243Z  INFO 23199 --- [           main] o.h.b.i.BytecodeProviderInitiator        : HHH000021: Bytecode provider name : bytebuddy
2023-12-03T22:55:00.529Z  INFO 23199 --- [           main] o.s.o.j.p.SpringPersistenceUnitInfo      : No LoadTimeWeaver setup: ignoring JPA class transformer
2023-12-03T22:55:01.381Z  INFO 23199 --- [           main] o.h.b.i.BytecodeProviderInitiator        : HHH000021: Bytecode provider name : bytebuddy
2023-12-03T22:55:02.533Z  INFO 23199 --- [           main] o.h.e.t.j.p.i.JtaPlatformInitiator       : HHH000490: Using JtaPlatform implementation: [org.hibernate.engine.transaction.jta.platform.internal.NoJtaPlatform]
2023-12-03T22:55:02.627Z  INFO 23199 --- [           main] j.LocalContainerEntityManagerFactoryBean : Initialized JPA EntityManagerFactory for persistence unit 'default'
2023-12-03T22:55:03.577Z  WARN 23199 --- [           main] JpaBaseConfiguration$JpaWebConfiguration : spring.jpa.open-in-view is enabled by default. Therefore, database queries may be performed during view rendering. Explicitly configure spring.jpa.open-in-view to disable this warning
2023-12-03T22:55:03.637Z  WARN 23199 --- [           main] .s.s.UserDetailsServiceAutoConfiguration : 

Using generated security password: dd23c352-287f-4f7d-8c1d-6ef493fe1cff

This generated password is for development use only. Your security configuration must be updated before running your application in production.

2023-12-03T22:55:04.269Z  INFO 23199 --- [           main] o.s.s.web.DefaultSecurityFilterChain     : Will secure any request with [org.springframework.security.web.session.DisableEncodeUrlFilter@5a8ab2, org.springframework.security.web.context.request.async.WebAsyncManagerIntegrationFilter@3f50b680, org.springframework.security.web.context.SecurityContextHolderFilter@6ab4a5b, org.springframework.security.web.header.HeaderWriterFilter@75a0c890, org.springframework.security.web.authentication.logout.LogoutFilter@5875de6a, com.aniketh.jwt.backend.config.JwtAuthFilter@54db056b, org.springframework.security.web.savedrequest.RequestCacheAwareFilter@235d29d6, org.springframework.security.web.servletapi.SecurityContextHolderAwareRequestFilter@43f9dd56, org.springframework.security.web.authentication.AnonymousAuthenticationFilter@d5af0a5, org.springframework.security.web.session.SessionManagementFilter@44ed0a8f, org.springframework.security.web.access.ExceptionTranslationFilter@9679750, org.springframework.security.web.access.intercept.AuthorizationFilter@5b7c8930]
2023-12-03T22:55:04.838Z  WARN 23199 --- [           main] ConfigServletWebServerApplicationContext : Exception encountered during context initialization - cancelling refresh attempt: org.springframework.context.ApplicationContextException: Failed to start bean 'webServerStartStop'
2023-12-03T22:55:04.848Z  INFO 23199 --- [           main] j.LocalContainerEntityManagerFactoryBean : Closing JPA EntityManagerFactory for persistence unit 'default'
2023-12-03T22:55:04.853Z  INFO 23199 --- [           main] com.zaxxer.hikari.HikariDataSource       : HikariPool-1 - Shutdown initiated...
2023-12-03T22:55:04.862Z  INFO 23199 --- [           main] com.zaxxer.hikari.HikariDataSource       : HikariPool-1 - Shutdown completed.
2023-12-03T22:55:04.864Z  INFO 23199 --- [           main] o.apache.catalina.core.StandardService   : Stopping service [Tomcat]
2023-12-03T22:55:04.900Z  INFO 23199 --- [           main] .s.b.a.l.ConditionEvaluationReportLogger : 

Error starting ApplicationContext. To display the condition evaluation report re-run your application with 'debug' enabled.
2023-12-03T22:55:05.031Z ERROR 23199 --- [           main] o.s.b.d.LoggingFailureAnalysisReporter   : 

***************************
APPLICATION FAILED TO START
***************************

Description:

Web server failed to start. Port 8080 was already in use.

Action:

Identify and stop the process that's listening on port 8080 or configure this application to listen on another port.

